[2023-09-20T09:56:06.944+0000] {taskinstance.py:1157} INFO - Dependencies all met for dep_context=non-requeueable deps ti=<TaskInstance: main_dag.clear_mongo_staging manual__2023-09-20T09:56:04.092660+00:00 [queued]>
[2023-09-20T09:56:06.962+0000] {taskinstance.py:1157} INFO - Dependencies all met for dep_context=requeueable deps ti=<TaskInstance: main_dag.clear_mongo_staging manual__2023-09-20T09:56:04.092660+00:00 [queued]>
[2023-09-20T09:56:06.962+0000] {taskinstance.py:1359} INFO - Starting attempt 1 of 1
[2023-09-20T09:56:06.992+0000] {taskinstance.py:1380} INFO - Executing <Task(_PythonDecoratedOperator): clear_mongo_staging> on 2023-09-20 09:56:04.092660+00:00
[2023-09-20T09:56:06.998+0000] {standard_task_runner.py:57} INFO - Started process 80 to run task
[2023-09-20T09:56:07.007+0000] {standard_task_runner.py:84} INFO - Running: ['***', 'tasks', 'run', 'main_dag', 'clear_mongo_staging', 'manual__2023-09-20T09:56:04.092660+00:00', '--job-id', '11', '--raw', '--subdir', 'DAGS_FOLDER/main_dag.py', '--cfg-path', '/tmp/tmp3fkjqj5x']
[2023-09-20T09:56:07.008+0000] {standard_task_runner.py:85} INFO - Job 11: Subtask clear_mongo_staging
[2023-09-20T09:56:07.083+0000] {task_command.py:415} INFO - Running <TaskInstance: main_dag.clear_mongo_staging manual__2023-09-20T09:56:04.092660+00:00 [running]> on host fb50cb700c4d
[2023-09-20T09:56:07.265+0000] {taskinstance.py:1660} INFO - Exporting env vars: AIRFLOW_CTX_DAG_OWNER='***' AIRFLOW_CTX_DAG_ID='main_dag' AIRFLOW_CTX_TASK_ID='clear_mongo_staging' AIRFLOW_CTX_EXECUTION_DATE='2023-09-20T09:56:04.092660+00:00' AIRFLOW_CTX_TRY_NUMBER='1' AIRFLOW_CTX_DAG_RUN_ID='manual__2023-09-20T09:56:04.092660+00:00'
[2023-09-20T09:56:07.583+0000] {python.py:194} INFO - Done. Returned value was: <Task(PythonOperator): clear_mongodb>
[2023-09-20T09:56:07.598+0000] {xcom.py:661} ERROR - Object of type PythonOperator is not JSON serializable. If you are using pickle instead of JSON for XCom, then you need to enable pickle support for XCom in your *** config or make sure to decorate your object with attr.
[2023-09-20T09:56:07.600+0000] {taskinstance.py:1935} ERROR - Task failed with exception
Traceback (most recent call last):
  File "/home/airflow/.local/lib/python3.8/site-packages/airflow/utils/json.py", line 91, in default
    return serialize(o)
  File "/home/airflow/.local/lib/python3.8/site-packages/airflow/serialization/serde.py", line 178, in serialize
    raise TypeError(f"cannot serialize object of type {cls}")
TypeError: cannot serialize object of type <class '***.operators.python.PythonOperator'>

During handling of the above exception, another exception occurred:

Traceback (most recent call last):
  File "/home/airflow/.local/lib/python3.8/site-packages/airflow/utils/session.py", line 74, in wrapper
    return func(*args, **kwargs)
  File "/home/airflow/.local/lib/python3.8/site-packages/airflow/models/taskinstance.py", line 2477, in xcom_push
    XCom.set(
  File "/home/airflow/.local/lib/python3.8/site-packages/airflow/utils/session.py", line 74, in wrapper
    return func(*args, **kwargs)
  File "/home/airflow/.local/lib/python3.8/site-packages/airflow/models/xcom.py", line 244, in set
    value = cls.serialize_value(
  File "/home/airflow/.local/lib/python3.8/site-packages/airflow/models/xcom.py", line 659, in serialize_value
    return json.dumps(value, cls=XComEncoder).encode("UTF-8")
  File "/usr/local/lib/python3.8/json/__init__.py", line 234, in dumps
    return cls(
  File "/home/airflow/.local/lib/python3.8/site-packages/airflow/utils/json.py", line 104, in encode
    return super().encode(o)
  File "/usr/local/lib/python3.8/json/encoder.py", line 199, in encode
    chunks = self.iterencode(o, _one_shot=True)
  File "/usr/local/lib/python3.8/json/encoder.py", line 257, in iterencode
    return _iterencode(o, 0)
  File "/home/airflow/.local/lib/python3.8/site-packages/airflow/utils/json.py", line 93, in default
    return super().default(o)
  File "/usr/local/lib/python3.8/json/encoder.py", line 179, in default
    raise TypeError(f'Object of type {o.__class__.__name__} '
TypeError: Object of type PythonOperator is not JSON serializable
[2023-09-20T09:56:07.617+0000] {taskinstance.py:1398} INFO - Marking task as FAILED. dag_id=main_dag, task_id=clear_mongo_staging, execution_date=20230920T095604, start_date=20230920T095606, end_date=20230920T095607
[2023-09-20T09:56:07.679+0000] {standard_task_runner.py:104} ERROR - Failed to execute job 11 for task clear_mongo_staging (Object of type PythonOperator is not JSON serializable; 80)
[2023-09-20T09:56:07.700+0000] {local_task_job_runner.py:228} INFO - Task exited with return code 1
[2023-09-20T09:56:07.746+0000] {taskinstance.py:2776} INFO - 0 downstream tasks scheduled from follow-on schedule check
